  ArbitraryNumbConverter.cpp
c:\users\thoma\onedrive\documents\programs\etec 2104 object oriented programming\gilman-thomas_lab5_3-19-2018\arbitrarynumbconverter\arbitrarynumbconverter\arbitrarynumbconverter.cpp(6): warning C4305: 'initializing': truncation from 'double' to 'float'
c:\users\thoma\onedrive\documents\programs\etec 2104 object oriented programming\gilman-thomas_lab5_3-19-2018\arbitrarynumbconverter\arbitrarynumbconverter\arbitrarynumbconverter.cpp(10): warning C4244: 'argument': conversion from 'float' to 'int', possible loss of data
  Number.cpp
c:\users\thoma\onedrive\documents\programs\etec 2104 object oriented programming\gilman-thomas_lab5_3-19-2018\arbitrarynumbconverter\arbitrarynumbconverter\number.cpp(58): warning C4244: '=': conversion from 'double' to 'int', possible loss of data
  c:\users\thoma\onedrive\documents\programs\etec 2104 object oriented programming\gilman-thomas_lab5_3-19-2018\arbitrarynumbconverter\arbitrarynumbconverter\number.cpp(19): note: while compiling class template member function 'std::string Number<int>::Convert(void)'
  c:\users\thoma\onedrive\documents\programs\etec 2104 object oriented programming\gilman-thomas_lab5_3-19-2018\arbitrarynumbconverter\arbitrarynumbconverter\number.cpp(98): note: see reference to class template instantiation 'Number<int>' being compiled
c:\users\thoma\onedrive\documents\programs\etec 2104 object oriented programming\gilman-thomas_lab5_3-19-2018\arbitrarynumbconverter\arbitrarynumbconverter\number.cpp(58): warning C4244: '=': conversion from 'double' to 'float', possible loss of data
  c:\users\thoma\onedrive\documents\programs\etec 2104 object oriented programming\gilman-thomas_lab5_3-19-2018\arbitrarynumbconverter\arbitrarynumbconverter\number.cpp(19): note: while compiling class template member function 'std::string Number<float>::Convert(void)'
  c:\users\thoma\onedrive\documents\programs\etec 2104 object oriented programming\gilman-thomas_lab5_3-19-2018\arbitrarynumbconverter\arbitrarynumbconverter\number.cpp(99): note: see reference to class template instantiation 'Number<float>' being compiled
c:\users\thoma\onedrive\documents\programs\etec 2104 object oriented programming\gilman-thomas_lab5_3-19-2018\arbitrarynumbconverter\arbitrarynumbconverter\number.cpp(59): warning C4244: 'argument': conversion from 'float' to 'char', possible loss of data
c:\users\thoma\onedrive\documents\programs\etec 2104 object oriented programming\gilman-thomas_lab5_3-19-2018\arbitrarynumbconverter\arbitrarynumbconverter\number.cpp(67): warning C4244: '=': conversion from 'int' to 'float', possible loss of data
c:\users\thoma\onedrive\documents\programs\etec 2104 object oriented programming\gilman-thomas_lab5_3-19-2018\arbitrarynumbconverter\arbitrarynumbconverter\number.cpp(68): warning C4244: 'argument': conversion from 'float' to 'char', possible loss of data
c:\users\thoma\onedrive\documents\programs\etec 2104 object oriented programming\gilman-thomas_lab5_3-19-2018\arbitrarynumbconverter\arbitrarynumbconverter\number.cpp(79): warning C4244: '=': conversion from 'int' to 'float', possible loss of data
c:\users\thoma\onedrive\documents\programs\etec 2104 object oriented programming\gilman-thomas_lab5_3-19-2018\arbitrarynumbconverter\arbitrarynumbconverter\number.cpp(80): warning C4244: 'argument': conversion from 'float' to 'char', possible loss of data
c:\users\thoma\onedrive\documents\programs\etec 2104 object oriented programming\gilman-thomas_lab5_3-19-2018\arbitrarynumbconverter\arbitrarynumbconverter\number.cpp(59): warning C4244: 'argument': conversion from 'double' to 'char', possible loss of data
  c:\users\thoma\onedrive\documents\programs\etec 2104 object oriented programming\gilman-thomas_lab5_3-19-2018\arbitrarynumbconverter\arbitrarynumbconverter\number.cpp(19): note: while compiling class template member function 'std::string Number<double>::Convert(void)'
  c:\users\thoma\onedrive\documents\programs\etec 2104 object oriented programming\gilman-thomas_lab5_3-19-2018\arbitrarynumbconverter\arbitrarynumbconverter\number.cpp(100): note: see reference to class template instantiation 'Number<double>' being compiled
c:\users\thoma\onedrive\documents\programs\etec 2104 object oriented programming\gilman-thomas_lab5_3-19-2018\arbitrarynumbconverter\arbitrarynumbconverter\number.cpp(68): warning C4244: 'argument': conversion from 'double' to 'char', possible loss of data
c:\users\thoma\onedrive\documents\programs\etec 2104 object oriented programming\gilman-thomas_lab5_3-19-2018\arbitrarynumbconverter\arbitrarynumbconverter\number.cpp(80): warning C4244: 'argument': conversion from 'double' to 'char', possible loss of data
c:\users\thoma\onedrive\documents\programs\etec 2104 object oriented programming\gilman-thomas_lab5_3-19-2018\arbitrarynumbconverter\arbitrarynumbconverter\number.cpp(58): warning C4244: '=': conversion from 'double' to 'long', possible loss of data
  c:\users\thoma\onedrive\documents\programs\etec 2104 object oriented programming\gilman-thomas_lab5_3-19-2018\arbitrarynumbconverter\arbitrarynumbconverter\number.cpp(19): note: while compiling class template member function 'std::string Number<long>::Convert(void)'
  c:\users\thoma\onedrive\documents\programs\etec 2104 object oriented programming\gilman-thomas_lab5_3-19-2018\arbitrarynumbconverter\arbitrarynumbconverter\number.cpp(101): note: see reference to class template instantiation 'Number<long>' being compiled
c:\users\thoma\onedrive\documents\programs\etec 2104 object oriented programming\gilman-thomas_lab5_3-19-2018\arbitrarynumbconverter\arbitrarynumbconverter\number.cpp(59): warning C4244: 'argument': conversion from 'long' to 'char', possible loss of data
c:\users\thoma\onedrive\documents\programs\etec 2104 object oriented programming\gilman-thomas_lab5_3-19-2018\arbitrarynumbconverter\arbitrarynumbconverter\number.cpp(68): warning C4244: 'argument': conversion from 'long' to 'char', possible loss of data
c:\users\thoma\onedrive\documents\programs\etec 2104 object oriented programming\gilman-thomas_lab5_3-19-2018\arbitrarynumbconverter\arbitrarynumbconverter\number.cpp(80): warning C4244: 'argument': conversion from 'long' to 'char', possible loss of data
c:\users\thoma\onedrive\documents\programs\etec 2104 object oriented programming\gilman-thomas_lab5_3-19-2018\arbitrarynumbconverter\arbitrarynumbconverter\number.cpp(58): warning C4244: '=': conversion from 'double' to '__int64', possible loss of data
  c:\users\thoma\onedrive\documents\programs\etec 2104 object oriented programming\gilman-thomas_lab5_3-19-2018\arbitrarynumbconverter\arbitrarynumbconverter\number.cpp(19): note: while compiling class template member function 'std::string Number<__int64>::Convert(void)'
  c:\users\thoma\onedrive\documents\programs\etec 2104 object oriented programming\gilman-thomas_lab5_3-19-2018\arbitrarynumbconverter\arbitrarynumbconverter\number.cpp(102): note: see reference to class template instantiation 'Number<__int64>' being compiled
c:\users\thoma\onedrive\documents\programs\etec 2104 object oriented programming\gilman-thomas_lab5_3-19-2018\arbitrarynumbconverter\arbitrarynumbconverter\number.cpp(59): warning C4244: 'argument': conversion from '__int64' to 'char', possible loss of data
c:\users\thoma\onedrive\documents\programs\etec 2104 object oriented programming\gilman-thomas_lab5_3-19-2018\arbitrarynumbconverter\arbitrarynumbconverter\number.cpp(68): warning C4244: 'argument': conversion from '__int64' to 'char', possible loss of data
c:\users\thoma\onedrive\documents\programs\etec 2104 object oriented programming\gilman-thomas_lab5_3-19-2018\arbitrarynumbconverter\arbitrarynumbconverter\number.cpp(80): warning C4244: 'argument': conversion from '__int64' to 'char', possible loss of data
  Generating Code...
  ArbitraryNumbConverter.vcxproj -> C:\Users\Thoma\OneDrive\Documents\programs\ETEC 2104 Object Oriented Programming\Gilman-Thomas_Lab5_3-19-2018\ArbitraryNumbConverter\x64\Debug\ArbitraryNumbConverter.exe
